<?xml version="1.0" encoding="UTF-8" standalone="no"?><testsuite errors="0" failures="0" name="as a user I want to sign up with my basic information to access the services available based on my profile" skipped="5" tests="5" time="1.12" timestamp="2026-06-06 10:29:08"><testcase name="successful customer registration"><compromised message="No page defined with the name 'null'" type="net.serenitybdd.screenplay.actions.UnknownPageException">No page defined with the name 'null'</compromised><system-err>No page defined with the name 'null'&#13;
co.edu.udea.certificacion.reservasservicios.moduloIngreso.tasks.RegistrationOpenThe.performAs(RegistrationOpenThe.java:12)&#13;
co.edu.udea.certificacion.reservasservicios.moduloIngreso.stepdefinitions.RegistrationStepDefinition.thatIAmOnTheRegistrationPage(RegistrationStepDefinition.java:18)&#13;
worker.org.gradle.process.internal.worker.GradleWorkerMain.run(GradleWorkerMain.java:69)&#13;
worker.org.gradle.process.internal.worker.GradleWorkerMain.main(GradleWorkerMain.java:74)&#13;
</system-err></testcase><testcase name="successful provider registration"><compromised message="No page defined with the name 'null'" type="net.serenitybdd.screenplay.actions.UnknownPageException">No page defined with the name 'null'</compromised><system-err>No page defined with the name 'null'&#13;
co.edu.udea.certificacion.reservasservicios.moduloIngreso.tasks.RegistrationOpenThe.performAs(RegistrationOpenThe.java:12)&#13;
co.edu.udea.certificacion.reservasservicios.moduloIngreso.stepdefinitions.RegistrationStepDefinition.thatIAmOnTheRegistrationPage(RegistrationStepDefinition.java:18)&#13;
worker.org.gradle.process.internal.worker.GradleWorkerMain.run(GradleWorkerMain.java:69)&#13;
worker.org.gradle.process.internal.worker.GradleWorkerMain.main(GradleWorkerMain.java:74)&#13;
</system-err></testcase><testcase name="registration with fields empty - exception"><compromised message="No page defined with the name 'null'" type="net.serenitybdd.screenplay.actions.UnknownPageException">No page defined with the name 'null'</compromised><system-err>No page defined with the name 'null'&#13;
co.edu.udea.certificacion.reservasservicios.moduloIngreso.tasks.RegistrationOpenThe.performAs(RegistrationOpenThe.java:12)&#13;
co.edu.udea.certificacion.reservasservicios.moduloIngreso.stepdefinitions.RegistrationStepDefinition.thatIAmOnTheRegistrationPage(RegistrationStepDefinition.java:18)&#13;
worker.org.gradle.process.internal.worker.GradleWorkerMain.run(GradleWorkerMain.java:69)&#13;
worker.org.gradle.process.internal.worker.GradleWorkerMain.main(GradleWorkerMain.java:74)&#13;
</system-err></testcase><testcase name="registration with a password that does not meet the password policy - exception"><compromised message="No page defined with the name 'null'" type="net.serenitybdd.screenplay.actions.UnknownPageException">No page defined with the name 'null'</compromised><system-err>No page defined with the name 'null'&#13;
co.edu.udea.certificacion.reservasservicios.moduloIngreso.tasks.RegistrationOpenThe.performAs(RegistrationOpenThe.java:12)&#13;
co.edu.udea.certificacion.reservasservicios.moduloIngreso.stepdefinitions.RegistrationStepDefinition.thatIAmOnTheRegistrationPage(RegistrationStepDefinition.java:18)&#13;
worker.org.gradle.process.internal.worker.GradleWorkerMain.run(GradleWorkerMain.java:69)&#13;
worker.org.gradle.process.internal.worker.GradleWorkerMain.main(GradleWorkerMain.java:74)&#13;
</system-err></testcase><testcase name="registration with an invalid email - exception"><compromised message="No page defined with the name 'null'" type="net.serenitybdd.screenplay.actions.UnknownPageException">No page defined with the name 'null'</compromised><system-err>No page defined with the name 'null'&#13;
co.edu.udea.certificacion.reservasservicios.moduloIngreso.tasks.RegistrationOpenThe.performAs(RegistrationOpenThe.java:12)&#13;
co.edu.udea.certificacion.reservasservicios.moduloIngreso.stepdefinitions.RegistrationStepDefinition.thatIAmOnTheRegistrationPage(RegistrationStepDefinition.java:18)&#13;
worker.org.gradle.process.internal.worker.GradleWorkerMain.run(GradleWorkerMain.java:69)&#13;
worker.org.gradle.process.internal.worker.GradleWorkerMain.main(GradleWorkerMain.java:74)&#13;
</system-err></testcase></testsuite>