<?xml version="1.0" encoding="UTF-8" standalone="no"?><testsuite errors="2" failures="0" name="as a user, I want to register a service with its basic information so I can offer it" skipped="1" tests="3" time="0.33" timestamp="2026-06-07 04:32:50"><testcase name="service registration successful"><error message="Cannot invoke &quot;co.edu.udea.certificacion.reservasservicios.moduloIngreso.models.User.setEmail(String)&quot; because &quot;this.user&quot; is null" type="java.lang.NullPointerException">Cannot invoke "co.edu.udea.certificacion.reservasservicios.moduloIngreso.models.User.setEmail(String)" because "this.user" is null</error><system-err>Cannot invoke "co.edu.udea.certificacion.reservasservicios.moduloIngreso.models.User.setEmail(String)" because "this.user" is null&#13;
co.edu.udea.certificacion.reservasservicios.moduloIngreso.stepdefinitions.Hook.logInProviderBeforeScenario(Hook.java:30)&#13;
</system-err></testcase><testcase name="service registration with description empty - exception"><skipped/></testcase></testsuite>