<?xml version="1.0" encoding="UTF-8" standalone="no"?><testsuite errors="2" failures="1" name="as a user, I want to register a service with its basic information so I can offer it" skipped="0" tests="3" time="10.88" timestamp="2026-06-07 05:03:39"><testcase name="service registration successful"><error message="Cannot invoke &quot;co.edu.udea.certificacion.reservasservicios.moduloIngreso.models.User.setEmail(String)&quot; because &quot;this.user&quot; is null" type="java.lang.NullPointerException">Cannot invoke "co.edu.udea.certificacion.reservasservicios.moduloIngreso.models.User.setEmail(String)" because "this.user" is null</error><system-err>Cannot invoke "co.edu.udea.certificacion.reservasservicios.moduloIngreso.models.User.setEmail(String)" because "this.user" is null&#13;
co.edu.udea.certificacion.reservasservicios.moduloIngreso.stepdefinitions.Hook.logInProviderBeforeScenario(Hook.java:30)&#13;
</system-err></testcase><testcase name="service registration with description empty - exception"><failure message="Expected condition failed: waiting for By.xpath: //*[@id=&quot;root&quot;]/div/aside/nav/button[3]/span to be present (tried for 5 second(s) with 100 milliseconds interval)&#10;Build info: version: '4.16.1', revision: '9b4c83354e'&#10;System info: os.name: 'Windows 11', os.arch: 'amd64', os.version: '10.0', java.version: '17.0.19'&#10;Driver info: driver.version: unknown" type="net.thucydides.core.webdriver.exceptions.ElementShouldBePresentException">Expected condition failed: waiting for By.xpath: //*[@id="root"]/div/aside/nav/button[3]/span to be present (tried for 5 second(s) with 100 milliseconds interval)
Build info: version: '4.16.1', revision: '9b4c83354e'
System info: os.name: 'Windows 11', os.arch: 'amd64', os.version: '10.0', java.version: '17.0.19'
Driver info: driver.version: unknown</failure><system-err>Expected condition failed: waiting for By.xpath: //*[@id="root"]/div/aside/nav/button[3]/span to be present (tried for 5 second(s) with 100 milliseconds interval)
Build info: version: '4.16.1', revision: '9b4c83354e'
System info: os.name: 'Windows 11', os.arch: 'amd64', os.version: '10.0', java.version: '17.0.19'
Driver info: driver.version: unknown&#13;
co.edu.udea.certificacion.reservasservicios.moduloIngreso.interactions.ServiceRegistrationOpen.performAs(ServiceRegistrationOpen.java:14)&#13;
co.edu.udea.certificacion.reservasservicios.moduloIngreso.tasks.ServiceRegistrationOpenThe.performAs(ServiceRegistrationOpenThe.java:15)&#13;
co.edu.udea.certificacion.reservasservicios.moduloIngreso.stepdefinitions.ServiceRegistrationStepDefinition.thatIAmOnTheServiceRegistrationPage(ServiceRegistrationStepDefinition.java:28)&#13;
worker.org.gradle.process.internal.worker.GradleWorkerMain.run(GradleWorkerMain.java:69)&#13;
worker.org.gradle.process.internal.worker.GradleWorkerMain.main(GradleWorkerMain.java:74)&#13;
</system-err></testcase></testsuite>