<?xml version="1.0" encoding="UTF-8" standalone="no"?><testsuite errors="0" failures="2" name="as a user I want to sign up with my basic information to access the services available based on my profile" skipped="0" tests="5" time="8.2" timestamp="2026-06-07 05:40:47"><testcase name="successful customer registration"><failure message="&#10;Expected: &quot;Hola,\nBienvenido&quot;&#10;     but: was &quot;Crea tu cuenta&quot;" type="java.lang.AssertionError">
Expected: "Hola,\nBienvenido"
     but: was "Crea tu cuenta"</failure><system-err>
Expected: "Hola,\nBienvenido"
     but: was "Crea tu cuenta"&#13;
co.edu.udea.certificacion.reservasservicios.moduloIngreso.stepdefinitions.RegistrationStepDefinition.iCanSeeTheLoginPage(RegistrationStepDefinition.java:54)&#13;
worker.org.gradle.process.internal.worker.GradleWorkerMain.run(GradleWorkerMain.java:69)&#13;
worker.org.gradle.process.internal.worker.GradleWorkerMain.main(GradleWorkerMain.java:74)&#13;
</system-err></testcase><testcase name="successful provider registration"><failure message="&#10;Expected: &quot;Hola,\nBienvenido&quot;&#10;     but: was &quot;Crea tu cuenta&quot;" type="java.lang.AssertionError">
Expected: "Hola,\nBienvenido"
     but: was "Crea tu cuenta"</failure><system-err>
Expected: "Hola,\nBienvenido"
     but: was "Crea tu cuenta"&#13;
co.edu.udea.certificacion.reservasservicios.moduloIngreso.stepdefinitions.RegistrationStepDefinition.iCanSeeTheLoginPage(RegistrationStepDefinition.java:54)&#13;
worker.org.gradle.process.internal.worker.GradleWorkerMain.run(GradleWorkerMain.java:69)&#13;
worker.org.gradle.process.internal.worker.GradleWorkerMain.main(GradleWorkerMain.java:74)&#13;
</system-err></testcase><testcase name="registration with fields empty - exception"/><testcase name="registration with a password that does not meet the password policy - exception"/><testcase name="registration with an invalid email - exception"/></testsuite>